min-h-screen
bg-background
font-sans
antialiased
__className_343187
relative
flex
flex-col
sticky
top-0
z-50
w-full
border-b
border-border/40
bg-background/95
backdrop-blur
supports-[backdrop-filter]:bg-background/60
container
h-14
max-w-screen-2xl
items-center
mr-4
hidden
md:flex
mr-6
space-x-2
h-6
w-6
font-bold
sm:inline-block
gap-6
text-sm
transition-colors
hover:text-foreground/80
text-foreground/60
lg:block
inline-flex
justify-center
whitespace-nowrap
rounded-md
font-medium
focus-visible:outline-none
focus-visible:ring-ring
disabled:pointer-events-none
disabled:opacity-50
hover:text-accent-foreground
h-9
py-2
mr-2
px-0
text-base
hover:bg-transparent
focus-visible:bg-transparent
focus-visible:ring-0
focus-visible:ring-offset-0
md:hidden
h-5
w-5
sr-only
flex-1
justify-between
md:justify-end
md:w-auto
md:flex-none
focus-visible:ring-1
border
border-input
hover:bg-accent
px-4
h-8
justify-start
rounded-[0.5rem]
font-normal
text-muted-foreground
shadow-none
sm:pr-12
md:w-40
lg:w-64
lg:inline-flex
lg:hidden
pointer-events-none
absolute
right-[0.3rem]
top-[0.3rem]
select-none
gap-1
rounded
bg-muted
px-1.5
font-mono
text-[10px]
opacity-100
sm:flex
text-xs
w-9
h-4
w-4
h-3
w-3
fill-current
h-[1.2rem]
w-[1.2rem]
rotate-0
scale-100
transition-all
dark:-rotate-90
dark:scale-0
rotate-90
scale-0
dark:rotate-0
dark:scale-100
mx-auto
max-w-[980px]
gap-2
py-8
md:py-12
md:pb-8
lg:py-24
lg:pb-20
rounded-lg
px-3
py-1
shrink-0
bg-border
w-[1px]
mx-2
sm:hidden
sm:inline
ml-1
text-center
text-3xl
leading-tight
tracking-tighter
md:text-6xl
lg:leading-[1.1]
max-w-[750px]
text-lg
sm:text-xl
space-x-4
py-4
md:pb-10
bg-primary
text-primary-foreground
shadow
hover:bg-primary/90
shadow-sm
overflow-hidden
max-w-[600px]
lg:max-w-none
h-full
rounded-[inherit]
mb-4
[&>a:first-child]:text-primary
h-7
rounded-full
hover:text-primary
text-primary
shadow-md
md:shadow-xl
dark:block
block
dark:hidden
md:block
shadow-lg
data-[panel-group-direction=vertical]:flex-col
max-h-[800px]
items-stretch
h-[52px]
px-2
bg-transparent
ring-offset-background
placeholder:text-muted-foreground
focus:outline-none
focus:ring-1
focus:ring-ring
disabled:cursor-not-allowed
[&>span]:line-clamp-1
[&>span]:flex
[&>span]:w-full
[&>span]:items-center
[&>span]:gap-1
[&>span]:truncate
[&_svg]:h-4
[&_svg]:w-4
[&_svg]:shrink-0
ml-2
opacity-50
h-[1px]
group
gap-4
data-[collapsed=true]:py-2
grid
group-[[data-collapsed=true]]:justify-center
group-[[data-collapsed=true]]:px-2
focus-visible:ring-2
focus-visible:ring-offset-2
dark:bg-muted
dark:text-white
dark:hover:bg-muted
dark:hover:text-white
ml-auto
text-background
w-px
after:absolute
after:inset-y-0
after:left-1/2
after:w-1
after:-translate-x-1/2
focus-visible:ring-offset-1
data-[panel-group-direction=vertical]:h-px
data-[panel-group-direction=vertical]:w-full
data-[panel-group-direction=vertical]:after:left-0
data-[panel-group-direction=vertical]:after:h-1
data-[panel-group-direction=vertical]:after:w-full
data-[panel-group-direction=vertical]:after:-translate-y-1/2
data-[panel-group-direction=vertical]:after:translate-x-0
[&[data-panel-group-direction=vertical]>div]:rotate-90
z-10
rounded-sm
h-2.5
w-2.5
text-xl
p-1
data-[state=active]:bg-background
data-[state=active]:text-foreground
data-[state=active]:shadow
text-zinc-600
dark:text-zinc-200
p-4
left-2
top-2.5
file:border-0
file:bg-transparent
file:text-sm
file:font-medium
pl-8
m-0
h-screen
pt-0
items-start
p-3
text-left
font-semibold
text-foreground
line-clamp-2
px-2.5
py-0.5
focus:ring-2
focus:ring-offset-2
border-transparent
bg-secondary
text-secondary-foreground
hover:bg-secondary/80
hover:bg-primary/80
h-2
w-2
bg-blue-600
p-2
mx-1
h-10
w-10
line-clamp-1
whitespace-pre-wrap
mt-auto
min-h-[60px]
peer-disabled:cursor-not-allowed
peer-disabled:opacity-70
peer
cursor-pointer
border-2
focus-visible:ring-offset-background
data-[state=checked]:bg-primary
data-[state=unchecked]:bg-input
ring-0
transition-transform
data-[state=checked]:translate-x-4
data-[state=unchecked]:translate-x-0
py-6
md:px-8
md:py-0
md:h-24
md:flex-row
text-balance
leading-loose
md:text-left
underline
underline-offset-4
fixed
z-[100]
max-h-screen
flex-col-reverse
sm:bottom-0
sm:right-0
sm:top-auto
sm:flex-col
md:max-w-[420px]
