-bottom-2
-bottom-2.5
-bottom-px
-inset-2.5
-inset-x-2.5
-inset-x-8
-inset-y-8
-left-1/4
-left-px
-mb-px
-ml-8
-ml-[100%]
-ml-[32rem]
-ml-[40rem]
-mr-1
-mr-[4.625rem]
-mt-5
-mt-6
-mt-[5.75rem]
-mt-px
-mx-2
-mx-4
-mx-5
-my-1
-my-2
-my-[0.3125rem]
-right-px
-scale-x-100
-top-[1rem]
-top-px
[&:not(:focus-visible)]:focus:outline-none
[&>a:first-child]:text-primary
[&>span]:flex
[&>span]:gap-1
[&>span]:items-center
[&>span]:line-clamp-1
[&>span]:truncate
[&>span]:w-full
[&[data-panel-group-direction=vertical]>div]:rotate-90
[&_svg]:h-4
[&_svg]:shrink-0
[&_svg]:w-4
[a:not(:first-child)>&]:mt-12
[a:not(:last-child)>&]:mb-12
[background-image:linear-gradient(90deg,rgba(56,189,248,0)_0%,#0EA5E9_32.29%,rgba(236,72,153,0.3)_67.19%,rgba(236,72,153,0)_100%)]
[figure>&]:my-0
[mask-image:linear-gradient(to_left,transparent,white_4rem,white_calc(100%-4rem),transparent)]
[mask-image:linear-gradient(to_right,transparent,white_4rem,white_calc(100%-4rem),transparent)]
[mask-image:linear-gradient(to_top,transparent,white_4rem,white_calc(100%-4rem),transparent)]
[overflow-anchor:none]
__className_343187
absolute
after:-translate-x-1/2
after:absolute
after:inset-y-0
after:left-1/2
after:w-1
antialiased
appearance-none
aspect-[1216/640]
aspect-[2/1]
backdrop-blur
bar-of-progress
basis-64
before:-inset-2.5
before:absolute
before:bg-gray-50
before:opacity-0
before:rounded-[20px]
bg-background
bg-background/95
bg-blue-600
bg-border
bg-gradient-to-b
bg-gradient-to-br
bg-gradient-to-l
bg-gradient-to-r
bg-gradient-to-t
bg-gray-100
bg-indigo-600
bg-muted
bg-primary
bg-secondary
bg-sky-400/10
bg-sky-500
bg-slate-100
bg-slate-400/10
bg-slate-400/20
bg-slate-50
bg-slate-500/20
bg-slate-900
bg-slate-900/10
bg-slate-900/15
bg-slate-950
bg-transparent
bg-white
bg-white/0
bg-white/25
bg-white/95
block
blur-[1px]
blur-sm
border
border-0
border-2
border-b
border-blue-500
border-border/40
border-indigo-500
border-input
border-l
border-none
border-slate-200
border-slate-200/60
border-slate-400/20
border-slate-900/10
border-slate-900/5
border-slate-950/10
border-t
border-transparent
border-y
bottom-0
bottom-[-33px]
bottom-full
col-start-1
container
cursor-pointer
dark:-rotate-90
dark:bg-muted
dark:bg-slate-700/20
dark:bg-slate-800
dark:bg-slate-900
dark:bg-transparent
dark:bg-white
dark:block
dark:border-slate-200/5
dark:border-slate-300/10
dark:border-slate-50/[0.06]
dark:border-slate-800
dark:border-white/10
dark:fill-slate-300/35
dark:fill-slate-300/75
dark:fill-slate-500
dark:focus:ring-offset-slate-900
dark:focus:ring-sky-500
dark:focus:ring-sky-700
dark:from-white/10
dark:group-focus-within:text-slate-400
dark:group-hover:text-slate-300
dark:hidden
dark:highlight-white/5
dark:hover:bg-muted
dark:hover:bg-sky-400
dark:hover:bg-slate-700
dark:hover:text-sky-400
dark:hover:text-slate-200
dark:hover:text-slate-300
dark:hover:text-white
dark:inline
dark:prose-dark
dark:ring-0
dark:ring-slate-200/20
dark:ring-white/10
dark:rotate-0
dark:scale-0
dark:scale-100
dark:shadow-none
dark:stroke-slate-500
dark:text-sky-400
dark:text-sky-400/70
dark:text-slate-200
dark:text-slate-400
dark:text-slate-950
dark:text-white
dark:text-zinc-200
dark:w-screen
data-[collapsed=true]:py-2
data-[panel-group-direction=vertical]:after:-translate-y-1/2
data-[panel-group-direction=vertical]:after:h-1
data-[panel-group-direction=vertical]:after:left-0
data-[panel-group-direction=vertical]:after:translate-x-0
data-[panel-group-direction=vertical]:after:w-full
data-[panel-group-direction=vertical]:flex-col
data-[panel-group-direction=vertical]:h-px
data-[panel-group-direction=vertical]:w-full
data-[state=active]:bg-background
data-[state=active]:shadow
data-[state=active]:text-foreground
data-[state=checked]:bg-primary
data-[state=checked]:translate-x-4
data-[state=unchecked]:bg-input
data-[state=unchecked]:translate-x-0
disabled:cursor-not-allowed
disabled:opacity-50
disabled:pointer-events-none
divide-slate-400/20
divide-x
divide-y
duration-200
duration-500
ease-in-out
file:bg-transparent
file:border-0
file:font-medium
file:text-sm
fill-black/30
fill-current
fill-gray-900
fill-sky-400
fill-sky-500
fill-slate-400
fill-slate-500/35
fill-slate-500/75
fill-slate-900
fill-transparent
finished
first:mt-0
fixed
flex
flex-1
flex-auto
flex-col
flex-col-reverse
flex-none
flex-wrap
focus-visible:bg-transparent
focus-visible:outline-none
focus-visible:ring-0
focus-visible:ring-1
focus-visible:ring-2
focus-visible:ring-offset-0
focus-visible:ring-offset-1
focus-visible:ring-offset-2
focus-visible:ring-offset-background
focus-visible:ring-ring
focus:outline-none
focus:ring-1
focus:ring-2
focus:ring-offset-2
focus:ring-ring
focus:ring-sky-300
focus:ring-sky-500
font-bold
font-extrabold
font-medium
font-mono
font-normal
font-sans
font-semibold
from-slate-950/10
from-white
from-white/0
gap-1
gap-2
gap-4
gap-6
gap-8
gap-x-8
gap-y-10
glow
grid
grid-cols-1
grid-cols-[repeat(auto-fill,minmax(12rem,1fr))]
group
group-[[data-collapsed=true]]:justify-center
group-[[data-collapsed=true]]:px-2
group-focus-within:text-sky-500
group-focus:opacity-100
group-hover:fill-black/60
group-hover:opacity-100
group-hover:text-indigo-600
group-hover:text-slate-600
grow
grow-[9999]
h-1
h-10
h-14
h-2
h-2.5
h-3
h-4
h-5
h-6
h-7
h-8
h-9
h-[1.125rem]
h-[1.2rem]
h-[16.6%]
h-[1px]
h-[2px]
h-[46.375rem]
h-[52px]
h-[60px]
h-full
h-px
h-screen
hidden
hover:before:opacity-100
hover:bg-accent
hover:bg-indigo-500
hover:bg-primary/80
hover:bg-primary/90
hover:bg-secondary/80
hover:bg-sky-400/20
hover:bg-sky-600
hover:bg-slate-400/20
hover:bg-slate-50
hover:bg-slate-700
hover:bg-slate-800
hover:bg-transparent
hover:bg-white/25
hover:bg-white/50
hover:border-slate-400
hover:fill-gray-900
hover:ring-black/[0.13]
hover:ring-slate-900/10
hover:ring-slate-900/15
hover:shadow
hover:text-accent-foreground
hover:text-foreground/80
hover:text-gray-900
hover:text-indigo-500
hover:text-indigo-700
hover:text-primary
hover:text-sky-500
hover:text-sky-600
hover:text-slate-500
hover:text-slate-600
hover:text-slate-700
hover:text-slate-900
inline-flex
inset-0
inset-x-0
inset-y-0
items-center
items-end
items-start
items-stretch
justify-between
justify-center
justify-end
justify-start
last:mb-0
lead
leading-4
leading-5
leading-6
leading-7
leading-loose
leading-none
leading-tight
left-0
left-1/2
left-1/4
left-16
left-2
left-3
left-40
left-[-33px]
lg:-ml-16
lg:-ml-2
lg:block
lg:border-0
lg:border-b
lg:border-l
lg:border-slate-900/10
lg:border-slate-900/15
lg:flex
lg:gap-x-8
lg:grid
lg:grid-cols-3
lg:grid-cols-4
lg:hidden
lg:inline-flex
lg:items-center
lg:leading-[1.1]
lg:max-w-none
lg:ml-8
lg:mt-0
lg:pb-20
lg:pl-2
lg:pl-8
lg:px-8
lg:py-24
lg:row-span-4
lg:row-start-2
lg:space-x-0
lg:w-64
lg:w-auto
lg:z-50
line-clamp-1
line-clamp-2
m-0
max-h-[800px]
max-h-screen
max-w-2xl
max-w-3xl
max-w-4xl
max-w-8xl
max-w-[36rem]
max-w-[600px]
max-w-[750px]
max-w-[980px]
max-w-container
max-w-lg
max-w-md
max-w-none
max-w-screen-2xl
max-w-sm
max-w-xl
max-xl:hidden
mb-1.5
mb-4
md:-ml-64
md:bg-blue-500
md:bg-slate-100
md:block
md:flex
md:flex-none
md:flex-row
md:font-semibold
md:gap-x-8
md:grid
md:grid-cols-3
md:group-hover:bg-slate-200
md:h-24
md:hidden
md:inline
md:justify-end
md:leading-7
md:max-w-[420px]
md:ml-8
md:mt-0
md:mt-10
md:mt-4
md:order-first
md:pb-10
md:pb-16
md:pb-8
md:pt-8
md:px-2
md:px-8
md:py-0
md:py-12
md:rounded-full
md:row-span-3
md:row-start-3
md:shadow-xl
md:space-x-0
md:space-x-6
md:text-3xl
md:text-6xl
md:text-left
md:text-slate-500
md:text-slate-900
md:text-white
md:text-xs
md:w-40
md:w-[35vw]
md:w-auto
min-[1300px]:flex
min-h-[60px]
min-h-full
min-h-screen
min-w-[1rem]
min-w-full
ml-0.5
ml-1
ml-2
ml-3
ml-4
ml-6
ml-8
ml-auto
mr-2
mr-2.5
mr-3
mr-4
mr-6
mt-1
mt-1.5
mt-10
mt-12
mt-16
mt-2
mt-3
mt-32
mt-4
mt-5
mt-6
mt-7
mt-8
mt-auto
mx-1
mx-2
mx-3
mx-auto
my-12
not-prose
opacity-0
opacity-100
opacity-50
origin-top
overflow-hidden
overflow-visible
overflow-x-auto
p-1
p-1.5
p-2
p-3
p-4
pb-10
pb-12
pb-16
pb-28
pb-6
peer
peer-disabled:cursor-not-allowed
peer-disabled:opacity-70
pl-12
pl-6
pl-8
placeholder:text-muted-foreground
placeholder:text-slate-400
pointer-events-auto
pointer-events-none
pr-3
pr-4
prose
prose-slate
pt-0
pt-10
pt-12
pt-3
pt-4
pt-8
pt-[5.75rem]
px-0
px-1.5
px-2
px-2.5
px-3
px-3.5
px-4
px-5
px-6
px-8
py-0.5
py-1
py-10
py-16
py-2
py-2.5
py-3
py-4
py-6
py-8
py-[0.3125rem]
py-[2.125rem]
relative
right-0
right-16
right-[-33px]
right-[0.3rem]
ring-0
ring-1
ring-2
ring-black/20
ring-black/[0.08]
ring-gray-900/10
ring-indigo-600
ring-inset
ring-offset-background
ring-slate-700/10
ring-slate-900/10
ring-slate-900/5
rotate-0
rotate-90
rounded
rounded-2xl
rounded-[0.5rem]
rounded-[10px]
rounded-[inherit]
rounded-full
rounded-l-full
rounded-lg
rounded-md
rounded-r-[1px]
rounded-sm
row-start-1
row-start-2
row-start-3
row-start-4
row-start-5
scale-0
scale-100
scale-[calc(204/299)]
select-none
shadow
shadow-black/5
shadow-lg
shadow-md
shadow-none
shadow-sm
shadow-xl
shrink
shrink-0
size-4
sm:-ml-[24rem]
sm:-ml-[67.5rem]
sm:-mt-20
sm:-mx-6
sm:border-b
sm:border-t
sm:border-x
sm:bottom-0
sm:flex
sm:flex-col
sm:flex-row
sm:grid-cols-2
sm:h-[33.3%]
sm:h-auto
sm:hidden
sm:inline
sm:inline-block
sm:left-0
sm:left-auto
sm:mb-24
sm:mt-16
sm:mt-20
sm:mt-8
sm:overflow-visible
sm:pr-12
sm:pt-16
sm:px-0
sm:px-12
sm:px-4
sm:px-6
sm:px-8
sm:py-16
sm:right-0
sm:rounded-3xl
sm:space-x-10
sm:space-x-4
sm:space-y-0
sm:text-7xl
sm:text-base
sm:text-sm
sm:text-xl
sm:top-auto
sm:transform-none
space-x-10
space-x-2
space-x-4
space-x-8
space-y-1
space-y-4
sr-only
sticky
stroke-slate-400
stroke-slate-500
stroke-slate-900
stroke-white
supports-[backdrop-filter]:bg-background/60
supports-backdrop-blur:bg-white/60
text-2xl
text-3xl
text-4xl
text-[0.6875rem]
text-[0.8125rem]
text-[10px]
text-[length:clamp(1rem,7vw,3.5rem)]
text-background
text-balance
text-base
text-black
text-black/25
text-blue-600
text-center
text-foreground
text-foreground/60
text-gray-600
text-indigo-600
text-left
text-lg
text-muted-foreground
text-primary
text-primary-foreground
text-right
text-secondary-foreground
text-sky-300
text-sky-500
text-sky-600
text-slate-400
text-slate-500
text-slate-600
text-slate-700
text-slate-900
text-sm
text-sm/7
text-white
text-xl
text-xs
text-zinc-600
to-transparent
to-white/0
to-white/25
top-0
top-2.5
top-[-33px]
top-[0.3rem]
top-full
top-px
tracking-tight
tracking-tighter
transition
transition-all
transition-colors
transition-transform
translate-x-4
underline
underline-offset-4
via-white/25
w-1
w-1.5
w-1/3
w-10
w-2
w-2.5
w-2/5
w-3
w-36
w-4
w-5
w-56
w-6
w-8
w-9
w-[1.2rem]
w-[108rem]
w-[163.125rem]
w-[1px]
w-[2.0625rem]
w-[21rem]
w-[23.5625rem]
w-[24.5rem]
w-[25.625rem]
w-[28.125rem]
w-[30.25rem]
w-[41rem]
w-[5px]
w-[71.75rem]
w-[90rem]
w-auto
w-full
w-px
whitespace-nowrap
whitespace-pre-wrap
xl:-mr-4
xl:block
xl:border-r-0
xl:flex
xl:grid-cols-4
xl:grid-cols-[34rem_minmax(0,1fr)]
xl:hidden
xl:justify-end
xl:max-w-8xl
xl:max-w-[43.5rem]
xl:ml-0
xl:mt-32
xl:px-8
xl:row-span-5
xl:row-start-1
xl:sticky
xl:text-6xl/none
z-10
z-20
z-40
z-50
z-[100]
